<?xml version="1.0" encoding="UTF-8"?>
<!-- Generated by org.testng.reporters.JUnitXMLReporter -->
<testsuite hostname="D-441001238" ignored="0" name="LoginTest" tests="1" failures="1" timestamp="15 Feb 2018 11:15:08 GMT" time="0.093" errors="0">
  <testcase name="LoginTest" time="0.0" classname="test.Testing">
    <failure type="org.testng.TestNGException" message="
Cannot inject @Test annotated Method [LoginTest] with [class java.lang.String, class java.lang.String].
For more information on native dependency injection please refer to http://testng.org/doc/documentation-main.html#native-dependency-injection">
      <![CDATA[org.testng.TestNGException: 
Cannot inject @Test annotated Method [LoginTest] with [class java.lang.String, class java.lang.String].
For more information on native dependency injection please refer to http://testng.org/doc/documentation-main.html#native-dependency-injection
... Removed 24 stack frames]]>
    </failure>
  </testcase> <!-- LoginTest -->
</testsuite> <!-- LoginTest -->
